c:\users\humba\google drive\alura\praticando com programas (c)\programa3\calcula\calcula\debug\vc142.pdb
c:\users\humba\google drive\alura\praticando com programas (c)\programa3\calcula\calcula\debug\vc142.idb
c:\users\humba\google drive\alura\praticando com programas (c)\programa3\calcula\calcula\debug\subtracao.obj
c:\users\humba\google drive\alura\praticando com programas (c)\programa3\calcula\calcula\debug\somadec.obj
c:\users\humba\google drive\alura\praticando com programas (c)\programa3\calcula\calcula\debug\soma.obj
c:\users\humba\google drive\alura\praticando com programas (c)\programa3\calcula\calcula\debug\radiciacao3dec.obj
c:\users\humba\google drive\alura\praticando com programas (c)\programa3\calcula\calcula\debug\radiciacao3.obj
c:\users\humba\google drive\alura\praticando com programas (c)\programa3\calcula\calcula\debug\radiciacao2dec.obj
c:\users\humba\google drive\alura\praticando com programas (c)\programa3\calcula\calcula\debug\radiciacao2.obj
c:\users\humba\google drive\alura\praticando com programas (c)\programa3\calcula\calcula\debug\potenciacaodec.obj
c:\users\humba\google drive\alura\praticando com programas (c)\programa3\calcula\calcula\debug\potenciacao.obj
c:\users\humba\google drive\alura\praticando com programas (c)\programa3\calcula\calcula\debug\potdepotdec.obj
c:\users\humba\google drive\alura\praticando com programas (c)\programa3\calcula\calcula\debug\potdepot.obj
c:\users\humba\google drive\alura\praticando com programas (c)\programa3\calcula\calcula\debug\multiplicacaodec.obj
c:\users\humba\google drive\alura\praticando com programas (c)\programa3\calcula\calcula\debug\multiplicacao.obj
c:\users\humba\google drive\alura\praticando com programas (c)\programa3\calcula\calcula\debug\mediaritdec.obj
c:\users\humba\google drive\alura\praticando com programas (c)\programa3\calcula\calcula\debug\mediarit.obj
c:\users\humba\google drive\alura\praticando com programas (c)\programa3\calcula\calcula\debug\estrutura.obj
c:\users\humba\google drive\alura\praticando com programas (c)\programa3\calcula\calcula\debug\divisaodec.obj
c:\users\humba\google drive\alura\praticando com programas (c)\programa3\calcula\calcula\debug\divisao.obj
c:\users\humba\google drive\alura\praticando com programas (c)\programa3\calcula\calcula\debug\caracteres.obj
c:\users\humba\google drive\alura\praticando com programas (c)\programa3\calcula\calcula\debug\calcula.obj
c:\users\humba\google drive\alura\praticando com programas (c)\programa3\calcula\calcula\debug\subtracaodec.obj
c:\users\humba\google drive\alura\praticando com programas (c)\programa3\calcula\debug\calcula.exe
c:\users\humba\google drive\alura\praticando com programas (c)\programa3\calcula\debug\calcula.ilk
c:\users\humba\google drive\alura\praticando com programas (c)\programa3\calcula\debug\calcula.pdb
c:\users\humba\google drive\alura\praticando com programas (c)\programa3\calcula\calcula\debug\calcula.obj.enc
c:\users\humba\google drive\alura\praticando com programas (c)\programa3\calcula\calcula\debug\calcula.tlog\cl.command.1.tlog
c:\users\humba\google drive\alura\praticando com programas (c)\programa3\calcula\calcula\debug\calcula.tlog\cl.read.1.tlog
c:\users\humba\google drive\alura\praticando com programas (c)\programa3\calcula\calcula\debug\calcula.tlog\cl.write.1.tlog
c:\users\humba\google drive\alura\praticando com programas (c)\programa3\calcula\calcula\debug\calcula.tlog\link.command.1.tlog
c:\users\humba\google drive\alura\praticando com programas (c)\programa3\calcula\calcula\debug\calcula.tlog\link.read.1.tlog
c:\users\humba\google drive\alura\praticando com programas (c)\programa3\calcula\calcula\debug\calcula.tlog\link.write.1.tlog
